<?xml version="1.0" encoding="utf-8" standalone="no"?>
<!--This file represents the results of running a test suite-->
<test-results name="C:\projects\TransportesPlus\POCs\POC_Testaveis\Tests\bin\Debug\Tests.dll" total="1" errors="0" failures="0" not-run="0" inconclusive="0" ignored="0" skipped="0" invalid="0" date="2011-06-08" time="00:17:28">
  <environment nunit-version="2.5.10.11092" clr-version="2.0.50727.4927" os-version="Microsoft Windows NT 6.1.7600.0" platform="Win32NT" cwd="C:\Program Files\NUnit 2.5.10\bin\net-2.0" machine-name="SOL" user="Rodrigo" user-domain="SOL" />
  <culture-info current-culture="pt-BR" current-uiculture="pt-BR" />
  <test-suite type="Assembly" name="C:\projects\TransportesPlus\POCs\POC_Testaveis\Tests\bin\Debug\Tests.dll" executed="True" result="Success" success="True" time="0.000" asserts="0">
    <results>
      <test-suite type="Namespace" name="Tests" executed="True" result="Success" success="True" time="0.000" asserts="0">
        <results>
          <test-suite type="TestFixture" name="PessoaTests" executed="True" result="Success" success="True" time="0.000" asserts="0">
            <results>
              <test-case name="Tests.PessoaTests.Metodo_DeveRetornarInvalidOperationSempre" executed="True" result="Success" success="True" time="0.000" asserts="0" />
            </results>
          </test-suite>
        </results>
      </test-suite>
    </results>
  </test-suite>
</test-results>